7778742049
Se calculo el fibonacci: hgrid4.icesi.edu.co: 49 con un Tiempo de respuesta: 101348 ms
null
com.zeroc.Ice.ConnectionTimeoutException
	at com.zeroc.IceInternal.OutgoingAsync.waitForResponseOrUserEx(OutgoingAsync.java:140)
	at com.zeroc.IceInternal.OutgoingAsync.waitForResponse(OutgoingAsync.java:112)
	at Demo.PrinterPrx.printAnswer(PrinterPrx.java:27)
	at Demo.PrinterPrx.printAnswer(PrinterPrx.java:22)
	at Client.main(Client.java:46)
null
com.zeroc.Ice.ConnectTimeoutException
	at com.zeroc.IceInternal.OutgoingAsync.waitForResponseOrUserEx(OutgoingAsync.java:140)
	at com.zeroc.IceInternal.OutgoingAsync.waitForResponse(OutgoingAsync.java:112)
	at com.zeroc.Ice._ObjectPrxI.ice_isA(_ObjectPrxI.java:31)
	at com.zeroc.Ice.ObjectPrx._checkedCast(ObjectPrx.java:949)
	at com.zeroc.Ice.ObjectPrx._checkedCast(ObjectPrx.java:868)
	at Demo.PrinterPrx.checkedCast(PrinterPrx.java:70)
	at Client.main(Client.java:31)
null
com.zeroc.Ice.ConnectTimeoutException
	at com.zeroc.IceInternal.OutgoingAsync.waitForResponseOrUserEx(OutgoingAsync.java:140)
	at com.zeroc.IceInternal.OutgoingAsync.waitForResponse(OutgoingAsync.java:112)
	at com.zeroc.Ice._ObjectPrxI.ice_isA(_ObjectPrxI.java:31)
	at com.zeroc.Ice.ObjectPrx._checkedCast(ObjectPrx.java:949)
	at com.zeroc.Ice.ObjectPrx._checkedCast(ObjectPrx.java:868)
	at Demo.PrinterPrx.checkedCast(PrinterPrx.java:70)
	at Client.main(Client.java:31)
